Build started 7.5.2015. 23:10:50.
     1>Project "C:\Users\RV\Documents\Visual Studio 2013\Projects\BTS_Vjezba_05_SPA\BTS_Vjezba_05_SPA\BTS_Vjezba_05_SPA.vcxproj" on node 2 (Build target(s)).
     1>ClCompile:
         C:\Program Files (x86)\Microsoft Visual Studio 12.0\VC\bin\CL.exe /c /ZI /nologo /W3 /WX- /Od /Oy- /D WIN32 /D _DEBUG /D _CONSOLE /D _LIB /D _UNICODE /D UNICODE /Gm /EHsc /RTC1 /MDd /GS /fp:precise /Zc:wchar_t /Zc:forScope /Fo"Debug\\" /Fd"Debug\vc120.pdb" /Gd /TC /analyze- /errorReport:prompt main.c
         main.c
     1>c:\users\rv\documents\visual studio 2013\projects\bts_vjezba_05_spa\bts_vjezba_05_spa\main.c(35): warning C4996: 'fopen': This function or variable may be unsafe. Consider using fopen_s instead. To disable deprecation, use _CRT_SECURE_NO_WARNINGS. See online help for details.
                 c:\program files (x86)\microsoft visual studio 12.0\vc\include\stdio.h(211) : see declaration of 'fopen'
     1>c:\users\rv\documents\visual studio 2013\projects\bts_vjezba_05_spa\bts_vjezba_05_spa\main.c(46): warning C4996: 'strdup': The POSIX name for this item is deprecated. Instead, use the ISO C++ conformant name: _strdup. See online help for details.
                 c:\program files (x86)\microsoft visual studio 12.0\vc\include\string.h(245) : see declaration of 'strdup'
     1>c:\users\rv\documents\visual studio 2013\projects\bts_vjezba_05_spa\bts_vjezba_05_spa\main.c(57): warning C4996: 'fopen': This function or variable may be unsafe. Consider using fopen_s instead. To disable deprecation, use _CRT_SECURE_NO_WARNINGS. See online help for details.
                 c:\program files (x86)\microsoft visual studio 12.0\vc\include\stdio.h(211) : see declaration of 'fopen'
     1>c:\users\rv\documents\visual studio 2013\projects\bts_vjezba_05_spa\bts_vjezba_05_spa\main.c(68): warning C4996: 'fopen': This function or variable may be unsafe. Consider using fopen_s instead. To disable deprecation, use _CRT_SECURE_NO_WARNINGS. See online help for details.
                 c:\program files (x86)\microsoft visual studio 12.0\vc\include\stdio.h(211) : see declaration of 'fopen'
     1>c:\users\rv\documents\visual studio 2013\projects\bts_vjezba_05_spa\bts_vjezba_05_spa\main.c(24): warning C4715: 'readWord' : not all control paths return a value
       Link:
         C:\Program Files (x86)\Microsoft Visual Studio 12.0\VC\bin\link.exe /ERRORREPORT:PROMPT /OUT:"C:\Users\RV\Documents\Visual Studio 2013\Projects\BTS_Vjezba_05_SPA\Debug\BTS_Vjezba_05_SPA.exe" /INCREMENTAL /NOLOGO kernel32.lib user32.lib gdi32.lib winspool.lib comdlg32.lib advapi32.lib shell32.lib ole32.lib oleaut32.lib uuid.lib odbc32.lib odbccp32.lib /MANIFEST /MANIFESTUAC:"level='asInvoker' uiAccess='false'" /manifest:embed /DEBUG /PDB:"C:\Users\RV\Documents\Visual Studio 2013\Projects\BTS_Vjezba_05_SPA\Debug\BTS_Vjezba_05_SPA.pdb" /SUBSYSTEM:CONSOLE /TLBID:1 /DYNAMICBASE /NXCOMPAT /IMPLIB:"C:\Users\RV\Documents\Visual Studio 2013\Projects\BTS_Vjezba_05_SPA\Debug\BTS_Vjezba_05_SPA.lib" /MACHINE:X86 Debug\bstree.obj
         Debug\main.obj
         BTS_Vjezba_05_SPA.vcxproj -> C:\Users\RV\Documents\Visual Studio 2013\Projects\BTS_Vjezba_05_SPA\Debug\BTS_Vjezba_05_SPA.exe
     1>Done Building Project "C:\Users\RV\Documents\Visual Studio 2013\Projects\BTS_Vjezba_05_SPA\BTS_Vjezba_05_SPA\BTS_Vjezba_05_SPA.vcxproj" (Build target(s)).

Build succeeded.

Time Elapsed 00:00:00.39
