Build started 6.4.2015. 15:41:06.
     1>Project "C:\Users\RV\Documents\SPA\Vjezba_02\Vjezba_02\Vjezba_02.vcxproj" on node 2 (Build target(s)).
     1>ClCompile:
         C:\Program Files (x86)\Microsoft Visual Studio 12.0\VC\bin\CL.exe /c /ZI /nologo /W3 /WX- /Od /Oy- /D WIN32 /D _DEBUG /D _CONSOLE /D _LIB /D _UNICODE /D UNICODE /Gm /EHsc /RTC1 /MDd /GS /fp:precise /Zc:wchar_t /Zc:forScope /Fo"Debug\\" /Fd"Debug\vc120.pdb" /Gd /TC /analyze- /errorReport:prompt functions.c
         functions.c
     1>c:\users\rv\documents\spa\vjezba_02\vjezba_02\functions.c(22): warning C4018: '<' : signed/unsigned mismatch
     1>c:\users\rv\documents\spa\vjezba_02\vjezba_02\functions.c(63): warning C4018: '<' : signed/unsigned mismatch
     1>c:\users\rv\documents\spa\vjezba_02\vjezba_02\functions.c(91): warning C4996: 'fopen': This function or variable may be unsafe. Consider using fopen_s instead. To disable deprecation, use _CRT_SECURE_NO_WARNINGS. See online help for details.
                 c:\program files (x86)\microsoft visual studio 12.0\vc\include\stdio.h(211) : see declaration of 'fopen'
     1>c:\users\rv\documents\spa\vjezba_02\vjezba_02\functions.c(100): warning C4018: '<' : signed/unsigned mismatch
     1>c:\users\rv\documents\spa\vjezba_02\vjezba_02\functions.c(123): warning C4996: 'fopen': This function or variable may be unsafe. Consider using fopen_s instead. To disable deprecation, use _CRT_SECURE_NO_WARNINGS. See online help for details.
                 c:\program files (x86)\microsoft visual studio 12.0\vc\include\stdio.h(211) : see declaration of 'fopen'
     1>c:\users\rv\documents\spa\vjezba_02\vjezba_02\functions.c(129): warning C4018: '<' : signed/unsigned mismatch
       Link:
         C:\Program Files (x86)\Microsoft Visual Studio 12.0\VC\bin\link.exe /ERRORREPORT:PROMPT /OUT:"C:\Users\RV\Documents\SPA\Vjezba_02\Debug\Vjezba_02.exe" /INCREMENTAL /NOLOGO kernel32.lib user32.lib gdi32.lib winspool.lib comdlg32.lib advapi32.lib shell32.lib ole32.lib oleaut32.lib uuid.lib odbc32.lib odbccp32.lib /MANIFEST /MANIFESTUAC:"level='asInvoker' uiAccess='false'" /manifest:embed /DEBUG /PDB:"C:\Users\RV\Documents\SPA\Vjezba_02\Debug\Vjezba_02.pdb" /SUBSYSTEM:CONSOLE /TLBID:1 /DYNAMICBASE /NXCOMPAT /IMPLIB:"C:\Users\RV\Documents\SPA\Vjezba_02\Debug\Vjezba_02.lib" /MACHINE:X86 Debug\functions.obj
         Debug\main.obj
         Vjezba_02.vcxproj -> C:\Users\RV\Documents\SPA\Vjezba_02\Debug\Vjezba_02.exe
     1>Done Building Project "C:\Users\RV\Documents\SPA\Vjezba_02\Vjezba_02\Vjezba_02.vcxproj" (Build target(s)).

Build succeeded.

Time Elapsed 00:00:01.74
