Build started 25.4.2015. 9:59:21.
     1>Project "C:\Users\RV\Documents\Visual Studio 2013\Projects\SPA_VJEZBA_04\SPA_VJEZBA_04\SPA_VJEZBA_04.vcxproj" on node 2 (Build target(s)).
     1>ClCompile:
         C:\Program Files (x86)\Microsoft Visual Studio 12.0\VC\bin\CL.exe /c /ZI /nologo /W3 /WX- /Od /Oy- /D WIN32 /D _DEBUG /D _CONSOLE /D _LIB /D _UNICODE /D UNICODE /Gm /EHsc /RTC1 /MDd /GS /fp:precise /Zc:wchar_t /Zc:forScope /Fo"Debug\\" /Fd"Debug\vc120.pdb" /Gd /TC /analyze- /errorReport:prompt main.c
         main.c
     1>c:\users\rv\documents\visual studio 2013\projects\spa_vjezba_04\spa_vjezba_04\main.c(309): warning C4244: 'function' : conversion from 'double' to 'int', possible loss of data
     1>c:\users\rv\documents\visual studio 2013\projects\spa_vjezba_04\spa_vjezba_04\main.c(310): warning C4244: 'function' : conversion from 'double' to 'int', possible loss of data
     1>c:\users\rv\documents\visual studio 2013\projects\spa_vjezba_04\spa_vjezba_04\main.c(312): warning C4244: 'function' : conversion from 'double' to 'int', possible loss of data
     1>c:\users\rv\documents\visual studio 2013\projects\spa_vjezba_04\spa_vjezba_04\main.c(313): warning C4244: 'function' : conversion from 'double' to 'int', possible loss of data
     1>c:\users\rv\documents\visual studio 2013\projects\spa_vjezba_04\spa_vjezba_04\main.c(316): warning C4244: 'function' : conversion from 'double' to 'int', possible loss of data
     1>c:\users\rv\documents\visual studio 2013\projects\spa_vjezba_04\spa_vjezba_04\main.c(317): warning C4244: 'function' : conversion from 'double' to 'int', possible loss of data
     1>c:\users\rv\documents\visual studio 2013\projects\spa_vjezba_04\spa_vjezba_04\main.c(324): warning C4244: 'function' : conversion from 'double' to 'int', possible loss of data
     1>c:\users\rv\documents\visual studio 2013\projects\spa_vjezba_04\spa_vjezba_04\main.c(325): warning C4244: 'function' : conversion from 'double' to 'int', possible loss of data
     1>c:\users\rv\documents\visual studio 2013\projects\spa_vjezba_04\spa_vjezba_04\main.c(328): warning C4244: 'function' : conversion from 'double' to 'int', possible loss of data
     1>c:\users\rv\documents\visual studio 2013\projects\spa_vjezba_04\spa_vjezba_04\main.c(329): warning C4244: 'function' : conversion from 'double' to 'int', possible loss of data
     1>c:\users\rv\documents\visual studio 2013\projects\spa_vjezba_04\spa_vjezba_04\main.c(264): warning C4101: 'k' : unreferenced local variable
     1>c:\users\rv\documents\visual studio 2013\projects\spa_vjezba_04\spa_vjezba_04\main.c(25): warning C4716: 'print' : must return a value
       Link:
         C:\Program Files (x86)\Microsoft Visual Studio 12.0\VC\bin\link.exe /ERRORREPORT:PROMPT /OUT:"C:\Users\RV\Documents\Visual Studio 2013\Projects\SPA_VJEZBA_04\Debug\SPA_VJEZBA_04.exe" /INCREMENTAL /NOLOGO kernel32.lib user32.lib gdi32.lib winspool.lib comdlg32.lib advapi32.lib shell32.lib ole32.lib oleaut32.lib uuid.lib odbc32.lib odbccp32.lib /MANIFEST /MANIFESTUAC:"level='asInvoker' uiAccess='false'" /manifest:embed /DEBUG /PDB:"C:\Users\RV\Documents\Visual Studio 2013\Projects\SPA_VJEZBA_04\Debug\SPA_VJEZBA_04.pdb" /SUBSYSTEM:CONSOLE /STACK:"16000000" /TLBID:1 /DYNAMICBASE /NXCOMPAT /IMPLIB:"C:\Users\RV\Documents\Visual Studio 2013\Projects\SPA_VJEZBA_04\Debug\SPA_VJEZBA_04.lib" /MACHINE:X86 Debug\main.obj
         SPA_VJEZBA_04.vcxproj -> C:\Users\RV\Documents\Visual Studio 2013\Projects\SPA_VJEZBA_04\Debug\SPA_VJEZBA_04.exe
     1>Done Building Project "C:\Users\RV\Documents\Visual Studio 2013\Projects\SPA_VJEZBA_04\SPA_VJEZBA_04\SPA_VJEZBA_04.vcxproj" (Build target(s)).

Build succeeded.

Time Elapsed 00:00:01.20
